Parameters : logN=13, T=4295294977, logT=32, logQ=163, sigma = 3.200000, NumReplications=1, NSlots=8192
number of lines: 131
File HG01879 with 8192 SNP entries
Expected disease susceptibility is: 0.29716968248352765
Packing into 1 Ciphertext
goos: linux
goarch: amd64
pkg: github.com/ldsec/vche/examples/DiseaseSusceptibilityPacked/vche_2
cpu: Intel(R) Xeon(R) Platinum 8124M CPU @ 3.00GHz
BenchmarkDiseaseSusceptibility/PE/Encode-36         	      44	  25484748 ns/op
BenchmarkDiseaseSusceptibility/PE/Encrypt-36        	     100	  11212929 ns/op
BenchmarkDiseaseSusceptibility/PE/Eval-36           	       5	 235602876 ns/op
BenchmarkDiseaseSusceptibility/PE/EvalVerif-36      	    2576	    455742 ns/op
BenchmarkDiseaseSusceptibility/PE/Communication/SP->Client-36         	1000000000	         3.000 BFV-ctxt	   1180428 bytes
BenchmarkDiseaseSusceptibility/PE/Decrypt-36                          	     364	   3264489 ns/op
panic: verification failed due to mismatch

goroutine 15 [running]:
github.com/ldsec/vche/vche_2.(*encoder).verifyUint(0xc000025200, 0xc0005fa168, 0xc0004f4030)
	/home/ubuntu/VCHE-private/vche_2/encoder.go:265 +0x66e
github.com/ldsec/vche/vche_2.(*encoder).DecodeUint(0xc000025200, 0x0, 0xc00011cee8, {0xc005780000, 0x2000, 0x21d770fa})
	/home/ubuntu/VCHE-private/vche_2/encoder.go:278 +0x35
github.com/ldsec/vche/examples/DiseaseSusceptibilityPacked/vche_2.benchDec.func3(0xc0000f38c0)
	/home/ubuntu/VCHE-private/examples/DiseaseSusceptibilityPacked/vche_2/benchmark_test.go:200 +0x67
testing.(*B).runN(0xc0000f38c0, 0x1)
	/home/ubuntu/go/src/testing/benchmark.go:192 +0x126
testing.(*B).run1.func1()
	/home/ubuntu/go/src/testing/benchmark.go:232 +0x59
created by testing.(*B).run1
	/home/ubuntu/go/src/testing/benchmark.go:225 +0xa5
exit status 2
FAIL	github.com/ldsec/vche/examples/DiseaseSusceptibilityPacked/vche_2	7.683s
