Parameters : logN=13, T=4295294977, logT=32, logQ=163, sigma = 3.200000
number of lines: 131
File HG01879 with 8192 SNP entries
Expected disease susceptibility is: 0.29716968248352765
Packing into 1 Ciphertext
goos: linux
goarch: amd64
pkg: github.com/ldsec/vche/examples/DiseaseSusceptibilityPacked/baseline
cpu: Intel(R) Xeon(R) Platinum 8124M CPU @ 3.00GHz
BenchmarkDiseaseSusceptibility/BFV/Encode-36         	    3136	    376301 ns/op
BenchmarkDiseaseSusceptibility/BFV/Encrypt-36        	     220	   5423969 ns/op
BenchmarkDiseaseSusceptibility/BFV/Communication/Client->SP-36         	1000000000	         0.0000003 ns/op
BenchmarkDiseaseSusceptibility/BFV/Eval-36                             	      19	  58995882 ns/op
BenchmarkDiseaseSusceptibility/BFV/Communication/SP->Client-36         	1000000000	         1.000 BFV-ctxt	    393460 bytes
BenchmarkDiseaseSusceptibility/BFV/Decrypt-36                          	    1154	   1039001 ns/op
BenchmarkDiseaseSusceptibility/BFV/Decode-36                           	    3525	    340760 ns/op
============================================
Disease Susceptibility Results: Cancer
============================================

Disease susceptibility is: 0.28967687788612134
Error -0.007492804597406311
Relative error -2.521389306872394
PASS
ok  	github.com/ldsec/vche/examples/DiseaseSusceptibilityPacked/baseline	6.816s
